<?xml version="1.0" encoding="UTF-8"?>
<!-- Generated by org.testng.reporters.JUnitXMLReporter -->
<testsuite hostname="Dell" name="Test" tests="5" failures="0" timestamp="10 Jan 2023 06:23:46 GMT" time="55.214" errors="0">
  <testcase name="TC_inputForm" time="8.868" classname="testng.ClickTest"/>
  <testcase name="TC_addition" time="4.482" classname="testng.ClickTest"/>
  <testcase name="drop" time="11.157" classname="testng.DropTest"/>
  <testcase name="drop1" time="8.506" classname="testng.DropTest"/>
  <testcase name="radiobutton" time="10.372" classname="testng.RadioCheckTest"/>
</testsuite> <!-- Test -->
